1576833322535	mozrunner::runner	INFO	Running command: "/Applications/Firefox.app/Contents/MacOS/firefox-bin" "-marionette" "-foreground" "-no-remote" "-profile" "/var/folders/4b/sgm1glhx7hsfggc48ny5mb0w0000gn/T/rust_mozprofile8fD3hU"
1576833323566	addons.webextension.screenshots@mozilla.org	WARN	Loading extension 'screenshots@mozilla.org': Reading manifest: Invalid extension permission: mozillaAddons
1576833323566	addons.webextension.screenshots@mozilla.org	WARN	Loading extension 'screenshots@mozilla.org': Reading manifest: Invalid extension permission: telemetry
1576833323566	addons.webextension.screenshots@mozilla.org	WARN	Loading extension 'screenshots@mozilla.org': Reading manifest: Invalid extension permission: resource://pdf.js/
1576833323566	addons.webextension.screenshots@mozilla.org	WARN	Loading extension 'screenshots@mozilla.org': Reading manifest: Invalid extension permission: about:reader*
1576833325806	Marionette	INFO	Listening on port 55518
1576833325852	Marionette	WARN	TLS certificate errors will be ignored for this session
1576833521912	mozrunner::runner	INFO	Running command: "/Applications/Firefox.app/Contents/MacOS/firefox-bin" "-marionette" "-foreground" "-no-remote" "-profile" "/var/folders/4b/sgm1glhx7hsfggc48ny5mb0w0000gn/T/rust_mozprofilez5aZWf"
1576833522486	addons.webextension.screenshots@mozilla.org	WARN	Loading extension 'screenshots@mozilla.org': Reading manifest: Invalid extension permission: mozillaAddons
1576833522486	addons.webextension.screenshots@mozilla.org	WARN	Loading extension 'screenshots@mozilla.org': Reading manifest: Invalid extension permission: telemetry
1576833522487	addons.webextension.screenshots@mozilla.org	WARN	Loading extension 'screenshots@mozilla.org': Reading manifest: Invalid extension permission: resource://pdf.js/
1576833522487	addons.webextension.screenshots@mozilla.org	WARN	Loading extension 'screenshots@mozilla.org': Reading manifest: Invalid extension permission: about:reader*
1576833524308	Marionette	INFO	Listening on port 55951
1576833524410	Marionette	WARN	TLS certificate errors will be ignored for this session
1576833599026	mozrunner::runner	INFO	Running command: "/Applications/Firefox.app/Contents/MacOS/firefox-bin" "-marionette" "-foreground" "-no-remote" "-profile" "/var/folders/4b/sgm1glhx7hsfggc48ny5mb0w0000gn/T/rust_mozprofileUpvSQj"
1576833599740	addons.webextension.screenshots@mozilla.org	WARN	Loading extension 'screenshots@mozilla.org': Reading manifest: Invalid extension permission: mozillaAddons
1576833599740	addons.webextension.screenshots@mozilla.org	WARN	Loading extension 'screenshots@mozilla.org': Reading manifest: Invalid extension permission: telemetry
1576833599740	addons.webextension.screenshots@mozilla.org	WARN	Loading extension 'screenshots@mozilla.org': Reading manifest: Invalid extension permission: resource://pdf.js/
1576833599740	addons.webextension.screenshots@mozilla.org	WARN	Loading extension 'screenshots@mozilla.org': Reading manifest: Invalid extension permission: about:reader*
[GFX1-]: Receive IPC close with reason=AbnormalShutdown
Exiting due to channel error.
Exiting due to channel error.
Exiting due to channel error.
[GFX1-]: Receive IPC close with reason=AbnormalShutdown
Exiting due to channel error.
[GFX1-]: Receive IPC close with reason=AbnormalShutdown
Exiting due to channel error.
Exiting due to channel error.
1576833604045	mozrunner::runner	INFO	Running command: "/Applications/Firefox.app/Contents/MacOS/firefox-bin" "-marionette" "-foreground" "-no-remote" "-profile" "/var/folders/4b/sgm1glhx7hsfggc48ny5mb0w0000gn/T/rust_mozprofile0k2K0n"
1576833604557	addons.webextension.screenshots@mozilla.org	WARN	Loading extension 'screenshots@mozilla.org': Reading manifest: Invalid extension permission: mozillaAddons
1576833604557	addons.webextension.screenshots@mozilla.org	WARN	Loading extension 'screenshots@mozilla.org': Reading manifest: Invalid extension permission: telemetry
1576833604557	addons.webextension.screenshots@mozilla.org	WARN	Loading extension 'screenshots@mozilla.org': Reading manifest: Invalid extension permission: resource://pdf.js/
1576833604557	addons.webextension.screenshots@mozilla.org	WARN	Loading extension 'screenshots@mozilla.org': Reading manifest: Invalid extension permission: about:reader*
1576833606342	Marionette	INFO	Listening on port 56174
1576833606441	Marionette	WARN	TLS certificate errors will be ignored for this session
1576833622123	mozrunner::runner	INFO	Running command: "/Applications/Firefox.app/Contents/MacOS/firefox-bin" "-marionette" "-foreground" "-no-remote" "-profile" "/var/folders/4b/sgm1glhx7hsfggc48ny5mb0w0000gn/T/rust_mozprofileNxP2U9"
1576833622601	addons.webextension.screenshots@mozilla.org	WARN	Loading extension 'screenshots@mozilla.org': Reading manifest: Invalid extension permission: mozillaAddons
1576833622601	addons.webextension.screenshots@mozilla.org	WARN	Loading extension 'screenshots@mozilla.org': Reading manifest: Invalid extension permission: telemetry
1576833622601	addons.webextension.screenshots@mozilla.org	WARN	Loading extension 'screenshots@mozilla.org': Reading manifest: Invalid extension permission: resource://pdf.js/
1576833622601	addons.webextension.screenshots@mozilla.org	WARN	Loading extension 'screenshots@mozilla.org': Reading manifest: Invalid extension permission: about:reader*
1576833624423	Marionette	INFO	Listening on port 56267
1576833624517	Marionette	WARN	TLS certificate errors will be ignored for this session
JavaScript error: https://pptwin.com/wp-content/themes/justnews/js/share.js?v=89860593.js?cdnversion=438008, line 1: Error: load js timeout : https://pptwin.com/wp-content/themes/justnews/js/share/share_api.js?v=226108fe.js
JavaScript error: https://pptwin.com/wp-content/themes/justnews/js/share.js?v=89860593.js?cdnversion=438008, line 1: Error: load js timeout : https://pptwin.com/wp-content/themes/justnews/js/view/share_view.js?v=3ae6026d.js
JavaScript error: https://pptwin.com/wp-content/themes/justnews/js/share.js?v=89860593.js?cdnversion=438008, line 1: Error: load js timeout : https://pptwin.com/wp-content/themes/justnews/js/trans/logger.js?v=60603cb3.js
1576834306275	mozrunner::runner	INFO	Running command: "/Applications/Firefox.app/Contents/MacOS/firefox-bin" "-marionette" "-foreground" "-no-remote" "-profile" "/var/folders/4b/sgm1glhx7hsfggc48ny5mb0w0000gn/T/rust_mozprofileROIayj"
1576834306760	addons.webextension.screenshots@mozilla.org	WARN	Loading extension 'screenshots@mozilla.org': Reading manifest: Invalid extension permission: mozillaAddons
1576834306761	addons.webextension.screenshots@mozilla.org	WARN	Loading extension 'screenshots@mozilla.org': Reading manifest: Invalid extension permission: telemetry
1576834306761	addons.webextension.screenshots@mozilla.org	WARN	Loading extension 'screenshots@mozilla.org': Reading manifest: Invalid extension permission: resource://pdf.js/
1576834306761	addons.webextension.screenshots@mozilla.org	WARN	Loading extension 'screenshots@mozilla.org': Reading manifest: Invalid extension permission: about:reader*
1576834308449	Marionette	INFO	Listening on port 56796
1576834308531	Marionette	WARN	TLS certificate errors will be ignored for this session
1576834366620	mozrunner::runner	INFO	Running command: "/Applications/Firefox.app/Contents/MacOS/firefox-bin" "-marionette" "-foreground" "-no-remote" "-profile" "/var/folders/4b/sgm1glhx7hsfggc48ny5mb0w0000gn/T/rust_mozprofileV1X9tt"
1576834367158	addons.webextension.screenshots@mozilla.org	WARN	Loading extension 'screenshots@mozilla.org': Reading manifest: Invalid extension permission: mozillaAddons
1576834367158	addons.webextension.screenshots@mozilla.org	WARN	Loading extension 'screenshots@mozilla.org': Reading manifest: Invalid extension permission: telemetry
1576834367158	addons.webextension.screenshots@mozilla.org	WARN	Loading extension 'screenshots@mozilla.org': Reading manifest: Invalid extension permission: resource://pdf.js/
1576834367158	addons.webextension.screenshots@mozilla.org	WARN	Loading extension 'screenshots@mozilla.org': Reading manifest: Invalid extension permission: about:reader*
1576834368820	Marionette	INFO	Listening on port 56919
1576834368885	Marionette	WARN	TLS certificate errors will be ignored for this session
JavaScript error: https://pptwin.com/wp-content/themes/justnews/js/share.js?v=89860593.js?cdnversion=438008, line 1: Error: load js timeout : https://pptwin.com/wp-content/themes/justnews/js/share/share_api.js?v=226108fe.js
JavaScript error: https://pptwin.com/wp-content/themes/justnews/js/share.js?v=89860593.js?cdnversion=438008, line 1: Error: load js timeout : https://pptwin.com/wp-content/themes/justnews/js/view/share_view.js?v=3ae6026d.js
JavaScript error: https://pptwin.com/wp-content/themes/justnews/js/share.js?v=89860593.js?cdnversion=438008, line 1: Error: load js timeout : https://pptwin.com/wp-content/themes/justnews/js/trans/logger.js?v=60603cb3.js
JavaScript error: https://pptwin.com/wp-content/themes/justnews/js/jquery.min.js?ver=1.12.4, line 4: TypeError: c is undefined
JavaScript error: https://pptwin.com/wp-content/themes/justnews/js/jquery.min.js?ver=1.12.4, line 4: TypeError: c is undefined
1576834421327	Marionette	INFO	Stopped listening on port 56919
1576834428436	mozrunner::runner	INFO	Running command: "/Applications/Firefox.app/Contents/MacOS/firefox-bin" "-marionette" "-foreground" "-no-remote" "-profile" "/var/folders/4b/sgm1glhx7hsfggc48ny5mb0w0000gn/T/rust_mozprofileG0cRoN"
1576834428894	addons.webextension.screenshots@mozilla.org	WARN	Loading extension 'screenshots@mozilla.org': Reading manifest: Invalid extension permission: mozillaAddons
1576834428894	addons.webextension.screenshots@mozilla.org	WARN	Loading extension 'screenshots@mozilla.org': Reading manifest: Invalid extension permission: telemetry
1576834428894	addons.webextension.screenshots@mozilla.org	WARN	Loading extension 'screenshots@mozilla.org': Reading manifest: Invalid extension permission: resource://pdf.js/
1576834428894	addons.webextension.screenshots@mozilla.org	WARN	Loading extension 'screenshots@mozilla.org': Reading manifest: Invalid extension permission: about:reader*
1576834430481	Marionette	INFO	Listening on port 57074
1576834430494	Marionette	WARN	TLS certificate errors will be ignored for this session
1576834433496	Marionette	INFO	Stopped listening on port 57074
1576834443525	mozrunner::runner	INFO	Running command: "/Applications/Firefox.app/Contents/MacOS/firefox-bin" "-marionette" "-foreground" "-no-remote" "-profile" "/var/folders/4b/sgm1glhx7hsfggc48ny5mb0w0000gn/T/rust_mozprofilelI2c1M"
1576834443947	addons.webextension.screenshots@mozilla.org	WARN	Loading extension 'screenshots@mozilla.org': Reading manifest: Invalid extension permission: mozillaAddons
1576834443947	addons.webextension.screenshots@mozilla.org	WARN	Loading extension 'screenshots@mozilla.org': Reading manifest: Invalid extension permission: telemetry
1576834443947	addons.webextension.screenshots@mozilla.org	WARN	Loading extension 'screenshots@mozilla.org': Reading manifest: Invalid extension permission: resource://pdf.js/
1576834443947	addons.webextension.screenshots@mozilla.org	WARN	Loading extension 'screenshots@mozilla.org': Reading manifest: Invalid extension permission: about:reader*
1576834445548	Marionette	INFO	Listening on port 57179
1576834445591	Marionette	WARN	TLS certificate errors will be ignored for this session
JavaScript error: resource://gre/modules/XULStore.jsm, line 66: Error: Can't find profile directory.
1576834454206	mozrunner::runner	INFO	Running command: "/Applications/Firefox.app/Contents/MacOS/firefox-bin" "-marionette" "-foreground" "-no-remote" "-profile" "/var/folders/4b/sgm1glhx7hsfggc48ny5mb0w0000gn/T/rust_mozprofilewJOjeG"
1576834454723	addons.webextension.screenshots@mozilla.org	WARN	Loading extension 'screenshots@mozilla.org': Reading manifest: Invalid extension permission: mozillaAddons
1576834454723	addons.webextension.screenshots@mozilla.org	WARN	Loading extension 'screenshots@mozilla.org': Reading manifest: Invalid extension permission: telemetry
1576834454723	addons.webextension.screenshots@mozilla.org	WARN	Loading extension 'screenshots@mozilla.org': Reading manifest: Invalid extension permission: resource://pdf.js/
1576834454723	addons.webextension.screenshots@mozilla.org	WARN	Loading extension 'screenshots@mozilla.org': Reading manifest: Invalid extension permission: about:reader*
1576834456369	Marionette	INFO	Listening on port 57252
1576834456377	Marionette	WARN	TLS certificate errors will be ignored for this session
1576834498313	Marionette	INFO	Stopped listening on port 57252
1576834528717	mozrunner::runner	INFO	Running command: "/Applications/Firefox.app/Contents/MacOS/firefox-bin" "-marionette" "-foreground" "-no-remote" "-profile" "/var/folders/4b/sgm1glhx7hsfggc48ny5mb0w0000gn/T/rust_mozprofileEMS5Ek"
1576834529150	addons.webextension.screenshots@mozilla.org	WARN	Loading extension 'screenshots@mozilla.org': Reading manifest: Invalid extension permission: mozillaAddons
1576834529150	addons.webextension.screenshots@mozilla.org	WARN	Loading extension 'screenshots@mozilla.org': Reading manifest: Invalid extension permission: telemetry
1576834529150	addons.webextension.screenshots@mozilla.org	WARN	Loading extension 'screenshots@mozilla.org': Reading manifest: Invalid extension permission: resource://pdf.js/
1576834529150	addons.webextension.screenshots@mozilla.org	WARN	Loading extension 'screenshots@mozilla.org': Reading manifest: Invalid extension permission: about:reader*
1576834530767	Marionette	INFO	Listening on port 57427
1576834530871	Marionette	WARN	TLS certificate errors will be ignored for this session
1576834538075	Marionette	INFO	Stopped listening on port 57427
1576834543278	mozrunner::runner	INFO	Running command: "/Applications/Firefox.app/Contents/MacOS/firefox-bin" "-marionette" "-foreground" "-no-remote" "-profile" "/var/folders/4b/sgm1glhx7hsfggc48ny5mb0w0000gn/T/rust_mozprofileuUPN8y"
1576834543709	addons.webextension.screenshots@mozilla.org	WARN	Loading extension 'screenshots@mozilla.org': Reading manifest: Invalid extension permission: mozillaAddons
1576834543709	addons.webextension.screenshots@mozilla.org	WARN	Loading extension 'screenshots@mozilla.org': Reading manifest: Invalid extension permission: telemetry
1576834543709	addons.webextension.screenshots@mozilla.org	WARN	Loading extension 'screenshots@mozilla.org': Reading manifest: Invalid extension permission: resource://pdf.js/
1576834543709	addons.webextension.screenshots@mozilla.org	WARN	Loading extension 'screenshots@mozilla.org': Reading manifest: Invalid extension permission: about:reader*
1576834545307	Marionette	INFO	Listening on port 57520
1576834545347	Marionette	WARN	TLS certificate errors will be ignored for this session
1576834547976	Marionette	INFO	Stopped listening on port 57520
1576834557581	mozrunner::runner	INFO	Running command: "/Applications/Firefox.app/Contents/MacOS/firefox-bin" "-marionette" "-foreground" "-no-remote" "-profile" "/var/folders/4b/sgm1glhx7hsfggc48ny5mb0w0000gn/T/rust_mozprofile4jXLch"
1576834558023	addons.webextension.screenshots@mozilla.org	WARN	Loading extension 'screenshots@mozilla.org': Reading manifest: Invalid extension permission: mozillaAddons
1576834558024	addons.webextension.screenshots@mozilla.org	WARN	Loading extension 'screenshots@mozilla.org': Reading manifest: Invalid extension permission: telemetry
1576834558024	addons.webextension.screenshots@mozilla.org	WARN	Loading extension 'screenshots@mozilla.org': Reading manifest: Invalid extension permission: resource://pdf.js/
1576834558024	addons.webextension.screenshots@mozilla.org	WARN	Loading extension 'screenshots@mozilla.org': Reading manifest: Invalid extension permission: about:reader*
1576834559658	Marionette	INFO	Listening on port 57615
1576834559755	Marionette	WARN	TLS certificate errors will be ignored for this session
1576834574165	Marionette	INFO	Stopped listening on port 57615
1576834652283	mozrunner::runner	INFO	Running command: "/Applications/Firefox.app/Contents/MacOS/firefox-bin" "-marionette" "-foreground" "-no-remote" "-profile" "/var/folders/4b/sgm1glhx7hsfggc48ny5mb0w0000gn/T/rust_mozprofileStcgoM"
1576834652756	addons.webextension.screenshots@mozilla.org	WARN	Loading extension 'screenshots@mozilla.org': Reading manifest: Invalid extension permission: mozillaAddons
1576834652757	addons.webextension.screenshots@mozilla.org	WARN	Loading extension 'screenshots@mozilla.org': Reading manifest: Invalid extension permission: telemetry
1576834652757	addons.webextension.screenshots@mozilla.org	WARN	Loading extension 'screenshots@mozilla.org': Reading manifest: Invalid extension permission: resource://pdf.js/
1576834652757	addons.webextension.screenshots@mozilla.org	WARN	Loading extension 'screenshots@mozilla.org': Reading manifest: Invalid extension permission: about:reader*
1576834654465	Marionette	INFO	Listening on port 57845
1576834654553	Marionette	WARN	TLS certificate errors will be ignored for this session
1576834724910	Marionette	INFO	Stopped listening on port 56174
1576834726728	Marionette	INFO	Stopped listening on port 56267
1576834728298	Marionette	INFO	Stopped listening on port 56796
1576834729826	Marionette	INFO	Stopped listening on port 57179
1576834731472	Marionette	INFO	Stopped listening on port 57845
1576834763231	mozrunner::runner	INFO	Running command: "/Applications/Firefox.app/Contents/MacOS/firefox-bin" "-marionette" "-foreground" "-no-remote" "-profile" "/var/folders/4b/sgm1glhx7hsfggc48ny5mb0w0000gn/T/rust_mozprofileslsy0l"
1576834763653	addons.webextension.screenshots@mozilla.org	WARN	Loading extension 'screenshots@mozilla.org': Reading manifest: Invalid extension permission: mozillaAddons
1576834763654	addons.webextension.screenshots@mozilla.org	WARN	Loading extension 'screenshots@mozilla.org': Reading manifest: Invalid extension permission: telemetry
1576834763654	addons.webextension.screenshots@mozilla.org	WARN	Loading extension 'screenshots@mozilla.org': Reading manifest: Invalid extension permission: resource://pdf.js/
1576834763654	addons.webextension.screenshots@mozilla.org	WARN	Loading extension 'screenshots@mozilla.org': Reading manifest: Invalid extension permission: about:reader*
1576834765297	Marionette	INFO	Listening on port 58144
1576834765381	Marionette	WARN	TLS certificate errors will be ignored for this session
JavaScript error: https://pptwin.com/wp-content/themes/justnews/js/share.js?v=89860593.js?cdnversion=438008, line 1: Error: load js timeout : https://pptwin.com/wp-content/themes/justnews/js/share/share_api.js?v=226108fe.js
JavaScript error: https://pptwin.com/wp-content/themes/justnews/js/share.js?v=89860593.js?cdnversion=438008, line 1: Error: load js timeout : https://pptwin.com/wp-content/themes/justnews/js/view/share_view.js?v=3ae6026d.js
JavaScript error: https://pptwin.com/wp-content/themes/justnews/js/share.js?v=89860593.js?cdnversion=438008, line 1: Error: load js timeout : https://pptwin.com/wp-content/themes/justnews/js/trans/logger.js?v=60603cb3.js
JavaScript error: https://pptwin.com/wp-content/themes/justnews/js/jquery.min.js?ver=1.12.4, line 4: TypeError: c is undefined
JavaScript error: https://pptwin.com/wp-content/themes/justnews/js/jquery.min.js?ver=1.12.4, line 4: TypeError: c is undefined
JavaScript error: https://pptwin.com/wp-content/themes/justnews/js/jquery.min.js?ver=1.12.4, line 4: TypeError: c is undefined
1576834822339	Marionette	INFO	Stopped listening on port 58144
1576835002430	mozrunner::runner	INFO	Running command: "/Applications/Firefox.app/Contents/MacOS/firefox-bin" "-marionette" "-foreground" "-no-remote" "-profile" "/var/folders/4b/sgm1glhx7hsfggc48ny5mb0w0000gn/T/rust_mozprofilep2z2eV"
1576835002864	addons.webextension.screenshots@mozilla.org	WARN	Loading extension 'screenshots@mozilla.org': Reading manifest: Invalid extension permission: mozillaAddons
1576835002864	addons.webextension.screenshots@mozilla.org	WARN	Loading extension 'screenshots@mozilla.org': Reading manifest: Invalid extension permission: telemetry
1576835002864	addons.webextension.screenshots@mozilla.org	WARN	Loading extension 'screenshots@mozilla.org': Reading manifest: Invalid extension permission: resource://pdf.js/
1576835002864	addons.webextension.screenshots@mozilla.org	WARN	Loading extension 'screenshots@mozilla.org': Reading manifest: Invalid extension permission: about:reader*
1576835004480	Marionette	INFO	Listening on port 58654
1576835004486	Marionette	WARN	TLS certificate errors will be ignored for this session

###!!! [Child][RunMessage] Error: Channel closing: too late to send/recv, messages will be lost


###!!! [Child][RunMessage] Error: Channel closing: too late to send/recv, messages will be lost

1576835074258	Marionette	INFO	Stopped listening on port 58654
1576835077231	mozrunner::runner	INFO	Running command: "/Applications/Firefox.app/Contents/MacOS/firefox-bin" "-marionette" "-foreground" "-no-remote" "-profile" "/var/folders/4b/sgm1glhx7hsfggc48ny5mb0w0000gn/T/rust_mozprofileEl1Kep"
1576835077680	addons.webextension.screenshots@mozilla.org	WARN	Loading extension 'screenshots@mozilla.org': Reading manifest: Invalid extension permission: mozillaAddons
1576835077680	addons.webextension.screenshots@mozilla.org	WARN	Loading extension 'screenshots@mozilla.org': Reading manifest: Invalid extension permission: telemetry
1576835077680	addons.webextension.screenshots@mozilla.org	WARN	Loading extension 'screenshots@mozilla.org': Reading manifest: Invalid extension permission: resource://pdf.js/
1576835077680	addons.webextension.screenshots@mozilla.org	WARN	Loading extension 'screenshots@mozilla.org': Reading manifest: Invalid extension permission: about:reader*
1576835079306	Marionette	INFO	Listening on port 58933
1576835079408	Marionette	WARN	TLS certificate errors will be ignored for this session
1576835094111	Marionette	INFO	Stopped listening on port 58933
1576836434340	mozrunner::runner	INFO	Running command: "/Applications/Firefox.app/Contents/MacOS/firefox-bin" "-marionette" "-foreground" "-no-remote" "-profile" "/var/folders/4b/sgm1glhx7hsfggc48ny5mb0w0000gn/T/rust_mozprofilej6S0Z7"
1576836434798	addons.webextension.screenshots@mozilla.org	WARN	Loading extension 'screenshots@mozilla.org': Reading manifest: Invalid extension permission: mozillaAddons
1576836434798	addons.webextension.screenshots@mozilla.org	WARN	Loading extension 'screenshots@mozilla.org': Reading manifest: Invalid extension permission: telemetry
1576836434798	addons.webextension.screenshots@mozilla.org	WARN	Loading extension 'screenshots@mozilla.org': Reading manifest: Invalid extension permission: resource://pdf.js/
1576836434798	addons.webextension.screenshots@mozilla.org	WARN	Loading extension 'screenshots@mozilla.org': Reading manifest: Invalid extension permission: about:reader*
1576836436366	Marionette	INFO	Listening on port 62737
1576836436415	Marionette	WARN	TLS certificate errors will be ignored for this session
1576836464630	mozrunner::runner	INFO	Running command: "/Applications/Firefox.app/Contents/MacOS/firefox-bin" "-marionette" "-foreground" "-no-remote" "-profile" "/var/folders/4b/sgm1glhx7hsfggc48ny5mb0w0000gn/T/rust_mozprofilehbSV0b"
1576836464789	Marionette	INFO	Stopped listening on port 62737
1576836465048	addons.webextension.screenshots@mozilla.org	WARN	Loading extension 'screenshots@mozilla.org': Reading manifest: Invalid extension permission: mozillaAddons
1576836465048	addons.webextension.screenshots@mozilla.org	WARN	Loading extension 'screenshots@mozilla.org': Reading manifest: Invalid extension permission: telemetry
1576836465048	addons.webextension.screenshots@mozilla.org	WARN	Loading extension 'screenshots@mozilla.org': Reading manifest: Invalid extension permission: resource://pdf.js/
1576836465048	addons.webextension.screenshots@mozilla.org	WARN	Loading extension 'screenshots@mozilla.org': Reading manifest: Invalid extension permission: about:reader*
1576836466561	Marionette	INFO	Listening on port 62854
1576836466576	Marionette	WARN	TLS certificate errors will be ignored for this session
1576851448516	Marionette	INFO	Stopped listening on port 62854
